<?xml version="1.0" encoding="UTF-8"?>
<testng-results ignored="0" total="2" passed="2" failed="0" skipped="0">
  <reporter-output>
  </reporter-output>
  <suite started-at="2026-06-01T15:02:48 IST" name="Default suite" finished-at="2026-06-01T15:02:59 IST" duration-ms="11292">
    <groups>
    </groups>
    <test started-at="2026-06-01T15:02:48 IST" name="Default test" finished-at="2026-06-01T15:02:59 IST" duration-ms="11292">
      <class name="demotest.HomePageTest">
        <test-method is-config="true" signature="mainSetUp()[pri:0, instance:demotest.HomePageTest@3fffff43]" started-at="2026-06-01T15:02:48 IST" name="mainSetUp" finished-at="2026-06-01T15:02:57 IST" duration-ms="9046" status="PASS">
          <reporter-output>
          </reporter-output>
        </test-method> <!-- mainSetUp -->
        <test-method is-config="true" signature="reportSetup()[pri:0, instance:demotest.HomePageTest@3fffff43]" started-at="2026-06-01T15:02:57 IST" name="reportSetup" finished-at="2026-06-01T15:02:57 IST" duration-ms="234" status="PASS">
          <reporter-output>
          </reporter-output>
        </test-method> <!-- reportSetup -->
        <test-method signature="formTest()[pri:0, instance:demotest.HomePageTest@3fffff43]" started-at="2026-06-01T15:02:57 IST" name="formTest" finished-at="2026-06-01T15:02:58 IST" duration-ms="1409" status="PASS">
          <reporter-output>
          </reporter-output>
        </test-method> <!-- formTest -->
        <test-method is-config="true" signature="tearDownReport()[pri:0, instance:demotest.HomePageTest@3fffff43]" started-at="2026-06-01T15:02:58 IST" name="tearDownReport" finished-at="2026-06-01T15:02:59 IST" duration-ms="274" status="PASS">
          <reporter-output>
          </reporter-output>
        </test-method> <!-- tearDownReport -->
        <test-method is-config="true" signature="reportSetup()[pri:0, instance:demotest.HomePageTest@3fffff43]" started-at="2026-06-01T15:02:59 IST" name="reportSetup" finished-at="2026-06-01T15:02:59 IST" duration-ms="0" status="PASS">
          <reporter-output>
          </reporter-output>
        </test-method> <!-- reportSetup -->
        <test-method signature="verifyHomePageTitle()[pri:0, instance:demotest.HomePageTest@3fffff43]" started-at="2026-06-01T15:02:59 IST" name="verifyHomePageTitle" finished-at="2026-06-01T15:02:59 IST" duration-ms="7" status="PASS">
          <reporter-output>
          </reporter-output>
        </test-method> <!-- verifyHomePageTitle -->
        <test-method is-config="true" signature="tearDownReport()[pri:0, instance:demotest.HomePageTest@3fffff43]" started-at="2026-06-01T15:02:59 IST" name="tearDownReport" finished-at="2026-06-01T15:02:59 IST" duration-ms="91" status="PASS">
          <reporter-output>
          </reporter-output>
        </test-method> <!-- tearDownReport -->
        <test-method is-config="true" signature="tearDown()[pri:0, instance:demotest.HomePageTest@3fffff43]" started-at="2026-06-01T15:02:59 IST" name="tearDown" finished-at="2026-06-01T15:02:59 IST" duration-ms="189" status="PASS">
          <reporter-output>
          </reporter-output>
        </test-method> <!-- tearDown -->
      </class> <!-- demotest.HomePageTest -->
    </test> <!-- Default test -->
  </suite> <!-- Default suite -->
</testng-results>
