<?xml version="1.0" encoding="UTF-8"?>
<!-- Generated by org.testng.reporters.JUnitReportReporter -->
<testsuite hostname="msi-GF65" failures="0" tests="4" name="test.MyThirdTestNgTest" time="0.014" errors="0" timestamp="2026-05-13T17:59:54 IST" skipped="0">
  <testcase classname="test.MyThirdTestNgTest" name="selectItems3" time="0.002"/>
  <testcase classname="test.MyThirdTestNgTest" name="selectItems" time="0.009"/>
  <testcase classname="test.MyThirdTestNgTest" name="selectItems1" time="0.001"/>
  <testcase classname="test.MyThirdTestNgTest" name="selectItems2" time="0.002"/>
</testsuite> <!-- test.MyThirdTestNgTest -->
