<?xml version="1.0" encoding="UTF-8"?>
<!-- Generated by org.testng.reporters.JUnitReportReporter -->
<testsuite hostname="msi-GF65" failures="0" tests="8" name="test.MyFifthTestNgTesting" time="5.531" errors="0" timestamp="2026-05-26T17:42:26 IST" skipped="0">
  <testcase classname="test.MyFifthTestNgTesting" name="Initial" time="0.416"/>
  <testcase classname="test.MyFifthTestNgTesting" name="button" time="0.120"/>
  <testcase classname="test.MyFifthTestNgTesting" name="country" time="0.106"/>
  <testcase classname="test.MyFifthTestNgTesting" name="colour" time="0.091"/>
  <testcase classname="test.MyFifthTestNgTesting" name="animal" time="0.065"/>
  <testcase classname="test.MyFifthTestNgTesting" name="date" time="2.543"/>
  <testcase classname="test.MyFifthTestNgTesting" name="submit" time="0.071"/>
  <testcase classname="test.MyFifthTestNgTesting" name="dynamicButton" time="2.119"/>
</testsuite> <!-- test.MyFifthTestNgTesting -->
