<?xml version="1.0" encoding="UTF-8"?>
<!-- Generated by org.testng.reporters.JUnitReportReporter -->
<testsuite hostname="msi-GF65" failures="0" tests="6" name="test.MyFourthTestNgTest" time="0.016" errors="0" timestamp="2026-05-13T20:16:07 IST" skipped="1">
  <testcase classname="test.MyFourthTestNgTest" name="selectItems3" time="0.002"/>
  <testcase classname="test.MyFourthTestNgTest" name="selectItems" time="0.009"/>
  <testcase classname="test.MyFourthTestNgTest" name="selectItems3" time="0.001"/>
  <testcase classname="test.MyFourthTestNgTest" name="selectItems1" time="0.002"/>
  <testcase classname="test.MyFourthTestNgTest" name="selectItems3" time="0.002"/>
  <testcase classname="test.MyFourthTestNgTest" name="selectItems2">
    <skipped/>
  </testcase> <!-- selectItems2 -->
</testsuite> <!-- test.MyFourthTestNgTest -->
